<?xml version="1.0" encoding="utf-8"?><testsuites name="pytest tests"><testsuite name="pytest" errors="0" failures="0" skipped="0" tests="12" time="1.798" timestamp="2026-07-28T15:25:42.955409+00:00" hostname="agent-env-b38aa39c-8bd2-4cd4-999d-189c29b7a97c"><testcase classname="tests.test_leads.TestLeadsMethodHandling" name="test_get_leads_200" time="0.300" /><testcase classname="tests.test_leads.TestCORS" name="test_options_preflight[https://offers.discoverdazeholidays.com]" time="0.121" /><testcase classname="tests.test_leads.TestCORS" name="test_options_preflight[https://discoverdazeholidays.com]" time="0.086" /><testcase classname="tests.test_leads.TestCORS" name="test_post_with_origin_returns_cors_header[https://offers.discoverdazeholidays.com]" time="0.237" /><testcase classname="tests.test_leads.TestLeadsMethodHandling" name="test_put_leads_405" time="0.062" /><testcase classname="tests.test_leads.TestLeadsMethodHandling" name="test_delete_leads_405" time="0.192" /><testcase classname="tests.test_leads.TestCORS" name="test_post_with_origin_returns_cors_header[https://discoverdazeholidays.com]" time="0.196" /><testcase classname="tests.test_leads.TestLeadsValidation" name="test_missing_full_name_400" time="0.087" /><testcase classname="tests.test_leads.TestLeadsCreate" name="test_create_lead_success_returns_200" time="0.136" /><testcase classname="tests.test_leads.TestLeadsValidation" name="test_missing_phone_400" time="0.076" /><testcase classname="tests.test_leads.TestHealth" name="test_root_api" time="0.086" /><testcase classname="tests.test_leads.TestLeadsCreate" name="test_persistence_via_get" time="0.156" /></testsuite></testsuites>